<?xml version="1.0" encoding="UTF-8"?>
<testsuite xmlns:xsi="http://www.w3.org/2001/XMLSchema-instance" xsi:noNamespaceSchemaLocation="https://maven.apache.org/surefire/maven-surefire-plugin/xsd/surefire-test-report.xsd" name="com.zhou.essearch.EssearchApplicationTests" time="9.077" tests="8" errors="8" skipped="0" failures="0">
  <properties>
[...]
</properties>
  <testcase name="getAll" classname="com.zhou.essearch.EssearchApplicationTests" time="0.281">
    <error message="None of the configured nodes are available: [{#transport#-1}{ZkFn02RVRGKsmPklq5QUng}{localhost}{127.0.0.1:9300}]" type="org.elasticsearch.client.transport.NoNodeAvailableException">org.elasticsearch.client.transport.NoNodeAvailableException: None of the configured nodes are available: [{#transport#-1}{ZkFn02RVRGKsmPklq5QUng}{localhost}{127.0.0.1:9300}]
	at com.zhou.essearch.EssearchApplicationTests.getAll(EssearchApplicationTests.java:61)
</error>
    <system-out><![CDATA[15:38:55.978 [main] DEBUG org.springframework.test.context.junit4.SpringJUnit4ClassRunner - SpringJUnit4ClassRunner constructor called with [class com.zhou.essearch.EssearchApplicationTests]
15:38:55.978 [main] DEBUG org.springframework.test.context.BootstrapUtils - Instantiating CacheAwareContextLoaderDelegate from class [org.springframework.test.context.cache.DefaultCacheAwareContextLoaderDelegate]
15:38:55.994 [main] DEBUG org.springframework.test.context.BootstrapUtils - Instantiating BootstrapContext using constructor [public org.springframework.test.context.support.DefaultBootstrapContext(java.lang.Class,org.springframework.test.context.CacheAwareContextLoaderDelegate)]
15:38:56.041 [main] DEBUG org.springframework.test.context.BootstrapUtils - Instantiating TestContextBootstrapper for test class [com.zhou.essearch.EssearchApplicationTests] from class [org.springframework.boot.test.context.SpringBootTestContextBootstrapper]
15:38:56.056 [main] INFO org.springframework.boot.test.context.SpringBootTestContextBootstrapper - Neither @ContextConfiguration nor @ContextHierarchy found for test class [com.zhou.essearch.EssearchApplicationTests], using SpringBootContextLoader
15:38:56.056 [main] DEBUG org.springframework.test.context.support.AbstractContextLoader - Did not detect default resource location for test class [com.zhou.essearch.EssearchApplicationTests]: class path resource [com/zhou/essearch/EssearchApplicationTests-context.xml] does not exist
15:38:56.056 [main] DEBUG org.springframework.test.context.support.AbstractContextLoader - Did not detect default resource location for test class [com.zhou.essearch.EssearchApplicationTests]: class path resource [com/zhou/essearch/EssearchApplicationTestsContext.groovy] does not exist
15:38:56.056 [main] INFO org.springframework.test.context.support.AbstractContextLoader - Could not detect default resource locations for test class [com.zhou.essearch.EssearchApplicationTests]: no resource found for suffixes {-context.xml, Context.groovy}.
15:38:56.072 [main] INFO org.springframework.test.context.support.AnnotationConfigContextLoaderUtils - Could not detect default configuration classes for test class [com.zhou.essearch.EssearchApplicationTests]: EssearchApplicationTests does not declare any static, non-private, non-final, nested classes annotated with @Configuration.
15:38:56.119 [main] DEBUG org.springframework.test.context.support.ActiveProfilesUtils - Could not find an 'annotation declaring class' for annotation type [org.springframework.test.context.ActiveProfiles] and class [com.zhou.essearch.EssearchApplicationTests]
15:38:56.228 [main] DEBUG org.springframework.context.annotation.ClassPathScanningCandidateComponentProvider - Identified candidate component class: file [C:\Users\IDEA_Project\ES-SpringBoot\springboot-elasticsearch\target\classes\com\zhou\essearch\EssearchApplication.class]
15:38:56.228 [main] INFO org.springframework.boot.test.context.SpringBootTestContextBootstrapper - Found @SpringBootConfiguration com.zhou.essearch.EssearchApplication for test class com.zhou.essearch.EssearchApplicationTests
15:38:56.416 [main] DEBUG org.springframework.boot.test.context.SpringBootTestContextBootstrapper - @TestExecutionListeners is not present for class [com.zhou.essearch.EssearchApplicationTests]: using defaults.
15:38:56.416 [main] INFO org.springframework.boot.test.context.SpringBootTestContextBootstrapper - Loaded default TestExecutionListener class names from location [META-INF/spring.factories]: [org.springframework.boot.test.mock.mockito.MockitoTestExecutionListener, org.springframework.boot.test.mock.mockito.ResetMocksTestExecutionListener, org.springframework.boot.test.autoconfigure.restdocs.RestDocsTestExecutionListener, org.springframework.boot.test.autoconfigure.web.client.MockRestServiceServerResetTestExecutionListener, org.springframework.boot.test.autoconfigure.web.servlet.MockMvcPrintOnlyOnFailureTestExecutionListener, org.springframework.boot.test.autoconfigure.web.servlet.WebDriverTestExecutionListener, org.springframework.test.context.web.ServletTestExecutionListener, org.springframework.test.context.support.DirtiesContextBeforeModesTestExecutionListener, org.springframework.test.context.support.DependencyInjectionTestExecutionListener, org.springframework.test.context.support.DirtiesContextTestExecutionListener, org.springframework.test.context.transaction.TransactionalTestExecutionListener, org.springframework.test.context.jdbc.SqlScriptsTestExecutionListener]
15:38:56.478 [main] INFO org.springframework.boot.test.context.SpringBootTestContextBootstrapper - Using TestExecutionListeners: [org.springframework.test.context.web.ServletTestExecutionListener@3541cb24, org.springframework.test.context.support.DirtiesContextBeforeModesTestExecutionListener@2177849e, org.springframework.boot.test.mock.mockito.MockitoTestExecutionListener@40cb8df7, org.springframework.boot.test.autoconfigure.SpringBootDependencyInjectionTestExecutionListener@13b13b5d, org.springframework.test.context.support.DirtiesContextTestExecutionListener@2892dae4, org.springframework.test.context.transaction.TransactionalTestExecutionListener@355ce81c, org.springframework.test.context.jdbc.SqlScriptsTestExecutionListener@29647f75, org.springframework.boot.test.mock.mockito.ResetMocksTestExecutionListener@3315d2d7, org.springframework.boot.test.autoconfigure.restdocs.RestDocsTestExecutionListener@d6e7bab, org.springframework.boot.test.autoconfigure.web.client.MockRestServiceServerResetTestExecutionListener@5fa07e12, org.springframework.boot.test.autoconfigure.web.servlet.MockMvcPrintOnlyOnFailureTestExecutionListener@55b53d44, org.springframework.boot.test.autoconfigure.web.servlet.WebDriverTestExecutionListener@482bce4f]
15:38:56.478 [main] DEBUG org.springframework.test.annotation.ProfileValueUtils - Retrieved @ProfileValueSourceConfiguration [null] for test class [com.zhou.essearch.EssearchApplicationTests]
15:38:56.478 [main] DEBUG org.springframework.test.annotation.ProfileValueUtils - Retrieved ProfileValueSource type [class org.springframework.test.annotation.SystemProfileValueSource] for class [com.zhou.essearch.EssearchApplicationTests]
15:38:56.478 [main] DEBUG org.springframework.test.annotation.ProfileValueUtils - Retrieved @ProfileValueSourceConfiguration [null] for test class [com.zhou.essearch.EssearchApplicationTests]
15:38:56.478 [main] DEBUG org.springframework.test.annotation.ProfileValueUtils - Retrieved ProfileValueSource type [class org.springframework.test.annotation.SystemProfileValueSource] for class [com.zhou.essearch.EssearchApplicationTests]
15:38:56.541 [main] DEBUG org.springframework.test.annotation.ProfileValueUtils - Retrieved @ProfileValueSourceConfiguration [null] for test class [com.zhou.essearch.EssearchApplicationTests]
15:38:56.541 [main] DEBUG org.springframework.test.annotation.ProfileValueUtils - Retrieved ProfileValueSource type [class org.springframework.test.annotation.SystemProfileValueSource] for class [com.zhou.essearch.EssearchApplicationTests]
15:38:56.556 [main] DEBUG org.springframework.test.context.support.AbstractDirtiesContextTestExecutionListener - Before test class: context [DefaultTestContext@3d1cfad4 testClass = EssearchApplicationTests, testInstance = [null], testMethod = [null], testException = [null], mergedContextConfiguration = [WebMergedContextConfiguration@62230c58 testClass = EssearchApplicationTests, locations = '{}', classes = '{class com.zhou.essearch.EssearchApplication}', contextInitializerClasses = '[]', activeProfiles = '{}', propertySourceLocations = '{}', propertySourceProperties = '{org.springframework.boot.test.context.SpringBootTestContextBootstrapper=true}', contextCustomizers = set[org.springframework.boot.test.context.filter.ExcludeFilterContextCustomizer@11e21d0e, org.springframework.boot.test.json.DuplicateJsonObjectContextCustomizerFactory$DuplicateJsonObjectContextCustomizer@3ffcd140, org.springframework.boot.test.mock.mockito.MockitoContextCustomizer@0, org.springframework.boot.test.web.client.TestRestTemplateContextCustomizer@6385cb26, org.springframework.boot.test.web.reactive.server.WebTestClientContextCustomizer@646be2c3, org.springframework.boot.test.autoconfigure.properties.PropertyMappingContextCustomizer@0, org.springframework.boot.test.autoconfigure.web.servlet.WebDriverContextCustomizerFactory$Customizer@f0f2775], resourceBasePath = 'src/main/webapp', contextLoader = 'org.springframework.boot.test.context.SpringBootContextLoader', parent = [null]], attributes = map['org.springframework.test.context.web.ServletTestExecutionListener.activateListener' -> true]], class annotated with @DirtiesContext [false] with mode [null].
15:38:56.556 [main] DEBUG org.springframework.test.annotation.ProfileValueUtils - Retrieved @ProfileValueSourceConfiguration [null] for test class [com.zhou.essearch.EssearchApplicationTests]
15:38:56.556 [main] DEBUG org.springframework.test.annotation.ProfileValueUtils - Retrieved ProfileValueSource type [class org.springframework.test.annotation.SystemProfileValueSource] for class [com.zhou.essearch.EssearchApplicationTests]
15:38:56.587 [main] DEBUG org.springframework.test.context.support.TestPropertySourceUtils - Adding inlined properties to environment: {spring.jmx.enabled=false, org.springframework.boot.test.context.SpringBootTestContextBootstrapper=true, server.port=-1}

  .   ____          _            __ _ _
 /\\ / ___'_ __ _ _(_)_ __  __ _ \ \ \ \
( ( )\___ | '_ | '_| | '_ \/ _` | \ \ \ \
 \\/  ___)| |_)| | | | | || (_| |  ) ) ) )
  '  |____| .__|_| |_|_| |_\__, | / / / /
 =========|_|==============|___/=/_/_/_/
 :: Spring Boot ::        (v2.1.1.RELEASE)

2019-05-23 15:38:57.072  INFO 16344 --- [           main] c.z.essearch.EssearchApplicationTests    : Starting EssearchApplicationTests on WCNLZ250019-OFK with PID 16344 (started by TDInstaller in C:\Users\IDEA_Project\ES-SpringBoot\springboot-elasticsearch)
2019-05-23 15:38:57.072  INFO 16344 --- [           main] c.z.essearch.EssearchApplicationTests    : No active profile set, falling back to default profiles: default
2019-05-23 15:38:58.025  INFO 16344 --- [           main] .s.d.r.c.RepositoryConfigurationDelegate : Bootstrapping Spring Data repositories in DEFAULT mode.
2019-05-23 15:38:58.197  INFO 16344 --- [           main] .s.d.r.c.RepositoryConfigurationDelegate : Finished Spring Data repository scanning in 172ms. Found 1 repository interfaces.
2019-05-23 15:38:59.181  INFO 16344 --- [           main] o.elasticsearch.plugins.PluginsService   : no modules loaded
2019-05-23 15:38:59.181  INFO 16344 --- [           main] o.elasticsearch.plugins.PluginsService   : loaded plugin [org.elasticsearch.index.reindex.ReindexPlugin]
2019-05-23 15:38:59.181  INFO 16344 --- [           main] o.elasticsearch.plugins.PluginsService   : loaded plugin [org.elasticsearch.join.ParentJoinPlugin]
2019-05-23 15:38:59.181  INFO 16344 --- [           main] o.elasticsearch.plugins.PluginsService   : loaded plugin [org.elasticsearch.percolator.PercolatorPlugin]
2019-05-23 15:38:59.181  INFO 16344 --- [           main] o.elasticsearch.plugins.PluginsService   : loaded plugin [org.elasticsearch.script.mustache.MustachePlugin]
2019-05-23 15:38:59.181  INFO 16344 --- [           main] o.elasticsearch.plugins.PluginsService   : loaded plugin [org.elasticsearch.transport.Netty4Plugin]
2019-05-23 15:39:00.759  INFO 16344 --- [           main] o.s.d.e.c.TransportClientFactoryBean     : Adding transport node : 127.0.0.1:9300
2019-05-23 15:39:02.415 ERROR 16344 --- [           main] .d.e.r.s.AbstractElasticsearchRepository : failed to load elasticsearch nodes : org.elasticsearch.client.transport.NoNodeAvailableException: None of the configured nodes are available: [{#transport#-1}{ZkFn02RVRGKsmPklq5QUng}{localhost}{127.0.0.1:9300}]
2019-05-23 15:39:03.274  INFO 16344 --- [           main] o.s.s.concurrent.ThreadPoolTaskExecutor  : Initializing ExecutorService 'applicationTaskExecutor'
2019-05-23 15:39:04.384  INFO 16344 --- [           main] c.z.essearch.EssearchApplicationTests    : Started EssearchApplicationTests in 7.781 seconds (JVM running for 9.127)
]]></system-out>
  </testcase>
  <testcase name="queryHit" classname="com.zhou.essearch.EssearchApplicationTests" time="0.016">
    <error message="None of the configured nodes are available: [{#transport#-1}{ZkFn02RVRGKsmPklq5QUng}{localhost}{127.0.0.1:9300}]" type="org.elasticsearch.client.transport.NoNodeAvailableException">org.elasticsearch.client.transport.NoNodeAvailableException: None of the configured nodes are available: [{#transport#-1}{ZkFn02RVRGKsmPklq5QUng}{localhost}{127.0.0.1:9300}]
	at com.zhou.essearch.EssearchApplicationTests.queryHit(EssearchApplicationTests.java:87)
</error>
  </testcase>
  <testcase name="deleteIndex" classname="com.zhou.essearch.EssearchApplicationTests" time="0">
    <error message="None of the configured nodes are available: [{#transport#-1}{ZkFn02RVRGKsmPklq5QUng}{localhost}{127.0.0.1:9300}]" type="org.elasticsearch.client.transport.NoNodeAvailableException">org.elasticsearch.client.transport.NoNodeAvailableException: None of the configured nodes are available: [{#transport#-1}{ZkFn02RVRGKsmPklq5QUng}{localhost}{127.0.0.1:9300}]
	at com.zhou.essearch.EssearchApplicationTests.deleteIndex(EssearchApplicationTests.java:106)
</error>
    <system-out><![CDATA[2019-05-23 15:39:04.712  INFO 16344 --- [           main] c.z.essearch.EssearchApplicationTests    : 【删除索引库】
]]></system-out>
  </testcase>
  <testcase name="deleteAll" classname="com.zhou.essearch.EssearchApplicationTests" time="0">
    <error message="None of the configured nodes are available: [{#transport#-1}{ZkFn02RVRGKsmPklq5QUng}{localhost}{127.0.0.1:9300}]" type="org.elasticsearch.client.transport.NoNodeAvailableException">org.elasticsearch.client.transport.NoNodeAvailableException: None of the configured nodes are available: [{#transport#-1}{ZkFn02RVRGKsmPklq5QUng}{localhost}{127.0.0.1:9300}]
	at com.zhou.essearch.EssearchApplicationTests.deleteAll(EssearchApplicationTests.java:68)
</error>
  </testcase>
  <testcase name="getById" classname="com.zhou.essearch.EssearchApplicationTests" time="0.015">
    <error message="None of the configured nodes are available: [{#transport#-1}{ZkFn02RVRGKsmPklq5QUng}{localhost}{127.0.0.1:9300}]" type="org.elasticsearch.client.transport.NoNodeAvailableException">org.elasticsearch.client.transport.NoNodeAvailableException: None of the configured nodes are available: [{#transport#-1}{ZkFn02RVRGKsmPklq5QUng}{localhost}{127.0.0.1:9300}]
	at com.zhou.essearch.EssearchApplicationTests.getById(EssearchApplicationTests.java:73)
</error>
  </testcase>
  <testcase name="save" classname="com.zhou.essearch.EssearchApplicationTests" time="0">
    <error message="None of the configured nodes are available: [{#transport#-1}{ZkFn02RVRGKsmPklq5QUng}{localhost}{127.0.0.1:9300}]" type="org.elasticsearch.client.transport.NoNodeAvailableException">org.elasticsearch.client.transport.NoNodeAvailableException: None of the configured nodes are available: [{#transport#-1}{ZkFn02RVRGKsmPklq5QUng}{localhost}{127.0.0.1:9300}]
	at com.zhou.essearch.EssearchApplicationTests.save(EssearchApplicationTests.java:30)
</error>
  </testcase>
  <testcase name="query" classname="com.zhou.essearch.EssearchApplicationTests" time="0.016">
    <error message="None of the configured nodes are available: [{#transport#-1}{ZkFn02RVRGKsmPklq5QUng}{localhost}{127.0.0.1:9300}]" type="org.elasticsearch.client.transport.NoNodeAvailableException">org.elasticsearch.client.transport.NoNodeAvailableException: None of the configured nodes are available: [{#transport#-1}{ZkFn02RVRGKsmPklq5QUng}{localhost}{127.0.0.1:9300}]
	at com.zhou.essearch.EssearchApplicationTests.query(EssearchApplicationTests.java:78)
</error>
  </testcase>
  <testcase name="queryHitByPage" classname="com.zhou.essearch.EssearchApplicationTests" time="0">
    <error message="None of the configured nodes are available: [{#transport#-1}{ZkFn02RVRGKsmPklq5QUng}{localhost}{127.0.0.1:9300}]" type="org.elasticsearch.client.transport.NoNodeAvailableException">org.elasticsearch.client.transport.NoNodeAvailableException: None of the configured nodes are available: [{#transport#-1}{ZkFn02RVRGKsmPklq5QUng}{localhost}{127.0.0.1:9300}]
	at com.zhou.essearch.EssearchApplicationTests.queryHitByPage(EssearchApplicationTests.java:98)
</error>
  </testcase>
</testsuite>